[2J[3J[H PASS  src/example.test.js
 PASS  src/example2.test.js

Test Suites: 2 passed, 2 total
Tests:       4 passed, 4 total
Snapshots:   0 total
Time:        0.717s, estimated 1s
Ran all test suites related to changed files.

Watch Usage
 › Press a to run all tests.
 › Press o to only run tests related to changed files.
 › Press p to filter by a filename regex pattern.
 › Press q to quit watch mode.
 › Press Enter to trigger a test run.
[2J[3J[H PASS  src/example.test.js
 FAIL  src/example2.test.js
  ● example 2 › should do some snapshots

    TypeError: expect(...).toMatchSnapShot is not a function
      
      at Object.it (src/example2.test.js:14:38)
      at process._tickCallback (internal/process/next_tick.js:103:7)

Test Suites: 1 failed, 1 passed, 2 total
Tests:       1 failed, 4 passed, 5 total
Snapshots:   0 total
Time:        0.116s, estimated 1s
Ran all test suites related to changed files.

Watch Usage
 › Press a to run all tests.
 › Press o to only run tests related to changed files.
 › Press p to filter by a filename regex pattern.
 › Press q to quit watch mode.
 › Press Enter to trigger a test run.
[2J[3J[H PASS  src/example2.test.js
 PASS  src/example.test.js

Snapshot Summary
 › 1 snapshot written in 1 test suite.

Test Suites: 2 passed, 2 total
Tests:       5 passed, 5 total
Snapshots:   1 added, 1 total
Time:        0.086s, estimated 1s
Ran all test suites related to changed files.

Watch Usage
 › Press a to run all tests.
 › Press o to only run tests related to changed files.
 › Press p to filter by a filename regex pattern.
 › Press q to quit watch mode.
 › Press Enter to trigger a test run.
[2J[3J[H PASS  src/example2.test.js
 PASS  src/example.test.js

Test Suites: 2 passed, 2 total
Tests:       5 passed, 5 total
Snapshots:   1 passed, 1 total
Time:        0.672s, estimated 1s
Ran all test suites related to changed files.

Watch Usage
 › Press a to run all tests.
 › Press o to only run tests related to changed files.
 › Press p to filter by a filename regex pattern.
 › Press q to quit watch mode.
 › Press Enter to trigger a test run.
